<?xml version="1.0" encoding="UTF-8"?>
<!-- Generated by org.testng.reporters.JUnitReportReporter -->
<testsuite hostname="DESKTOP-CEHTQ0V" name="automationtTest.NewTest" tests="4" failures="0" timestamp="20 Aug 2018 06:46:42 GMT" time="37.568" errors="0">
  <testcase name="LoggingIn" time="5.030" classname="automationtTest.NewTest"/>
  <testcase name="FillDetails" time="3.633" classname="automationtTest.NewTest"/>
  <testcase name="logout" time="1.541" classname="automationtTest.NewTest"/>
  <testcase name="OpenWebsite" time="27.364" classname="automationtTest.NewTest"/>
</testsuite> <!-- automationtTest.NewTest -->
